<?xml version="1.0" encoding="UTF-8"?>
<!-- Generated by org.testng.reporters.JUnitReportReporter -->
<testsuite skipped="0" hostname="LIMADES001" name="realDevice.General" tests="1" failures="0" timestamp="2020-01-02T17:14:53 COT" time="23.140" errors="0">
  <testcase name="seleccionarPais" time="23.140" classname="realDevice.General"/>
</testsuite> <!-- realDevice.General -->
